MPEG PCC tmc3 version 
+ Effective configuration parameters
    mode                  : 1
    firstFrameNum         : 0
    frameCount            : 1
    reconstructedDataPath : "soldier_vox10_0539.ply.bin.decoded.ply"
    uncompressedDataPath  : "/home/anique/Anique/Coding/Interpolation_2/Comparison_1/Results/Test_Files/soldier/soldier_vox10_0539.ply"
    compressedStreamPath  : "soldier_vox10_0539.ply.bin"
    postRecolorPath       : ""
    preInvScalePath       : ""
    convertPlyColourspace : 1
    outputBinaryPly       : 1
    outputUnitLength      : 1
    outputScaling         : 1 (External)
    outputPrecisionBits   : -1
    skipOctreeLayers : 0
    decodeMaxPoints  : 0

positions bitstream size 38667 B
positions processing time (user): 0.311 s

Total bitstream size 38702 B
Processing time (wall): 0.387 s
Processing time (user): 0.339 s
